·-------------------------------------------------------------|----------------------------|-------------|-----------------------------·
|                     Solc version: 0.8.4                     ·  Optimizer enabled: false  ·  Runs: 200  ·  Block limit: 30000000 gas  │
······························································|····························|·············|······························
|  Methods                                                    ·               37 gwei/gas                ·       1655.70 usd/eth       │
····························|·································|··············|·············|·············|···············|··············
|  Contract                 ·  Method                         ·  Min         ·  Max        ·  Avg        ·  # calls      ·  usd (avg)  │
····························|·································|··············|·············|·············|···············|··············
|  Semaphore                ·  addMember                      ·      888514  ·    1648364  ·    1344984  ·            5  ·      82.39  │
····························|·································|··············|·············|·············|···············|··············
|  Semaphore                ·  addMembers                     ·     1541155  ·    2942460  ·    2662199  ·            5  ·     163.09  │
····························|·································|··············|·············|·············|···············|··············
|  Semaphore                ·  createGroup                    ·           -  ·          -  ·    1177803  ·            3  ·      72.15  │
····························|·································|··············|·············|·············|···············|··············
|  Semaphore                ·  createGroup                    ·           -  ·          -  ·    1177464  ·            6  ·      72.13  │
····························|·································|··············|·············|·············|···············|··············
|  Semaphore                ·  removeMember                   ·           -  ·          -  ·    1515103  ·            2  ·      92.82  │
····························|·································|··············|·············|·············|···············|··············
|  Semaphore                ·  updateGroupAdmin               ·           -  ·          -  ·      29669  ·            2  ·       1.82  │
····························|·································|··············|·············|·············|···············|··············
|  Semaphore                ·  updateGroupMerkleTreeDuration  ·           -  ·          -  ·      31440  ·            2  ·       1.93  │
····························|·································|··············|·············|·············|···············|··············
|  Semaphore                ·  updateMember                   ·           -  ·          -  ·    1507529  ·            2  ·      92.35  │
····························|·································|··············|·············|·············|···············|··············
|  Semaphore                ·  verifyProof                    ·           -  ·          -  ·     387794  ·            2  ·      23.76  │
····························|·································|··············|·············|·············|···············|··············
|  SemaphoreVoting          ·  addVoter                       ·      865927  ·    1626149  ·    1372742  ·            3  ·      84.10  │
····························|·································|··············|·············|·············|···············|··············
|  SemaphoreVoting          ·  castVote                       ·           -  ·          -  ·     387645  ·            2  ·      23.75  │
····························|·································|··············|·············|·············|···············|··············
|  SemaphoreVoting          ·  createPoll                     ·           -  ·          -  ·    1154973  ·            4  ·      70.75  │
····························|·································|··············|·············|·············|···············|··············
|  SemaphoreVoting          ·  endPoll                        ·           -  ·          -  ·      29783  ·            2  ·       1.82  │
····························|·································|··············|·············|·············|···············|··············
|  SemaphoreVoting          ·  startPoll                      ·           -  ·          -  ·      29761  ·            3  ·       1.82  │
····························|·································|··············|·············|·············|···············|··············
|  SemaphoreWhistleblowing  ·  addWhistleblower               ·      865619  ·    1625841  ·    1435786  ·            4  ·      87.96  │
····························|·································|··············|·············|·············|···············|··············
|  SemaphoreWhistleblowing  ·  createEntity                   ·           -  ·          -  ·    1154902  ·            3  ·      70.75  │
····························|·································|··············|·············|·············|···············|··············
|  SemaphoreWhistleblowing  ·  publishLeak                    ·           -  ·          -  ·     362797  ·            2  ·      22.23  │
····························|·································|··············|·············|·············|···············|··············
|  SemaphoreWhistleblowing  ·  removeWhistleblower            ·           -  ·          -  ·    1492071  ·            2  ·      91.41  │
····························|·································|··············|·············|·············|···············|··············
|  Deployments                                                ·                                          ·  % of limit   ·             │
······························································|··············|·············|·············|···············|··············
|  IncrementalBinaryTree                                      ·           -  ·          -  ·    1666568  ·        5.6 %  ·     102.10  │
······························································|··············|·············|·············|···············|··············
|  Pairing                                                    ·           -  ·          -  ·    1204629  ·          4 %  ·      73.80  │
······························································|··············|·············|·············|···············|··············
|  Semaphore                                                  ·           -  ·          -  ·    1845852  ·        6.2 %  ·     113.08  │
······························································|··············|·············|·············|···············|··············
|  SemaphoreVerifier                                          ·     7356515  ·    7356635  ·    7356595  ·       24.5 %  ·     450.67  │
······························································|··············|·············|·············|···············|··············
|  SemaphoreVoting                                            ·           -  ·          -  ·    1088787  ·        3.6 %  ·      66.70  │
······························································|··············|·············|·············|···············|··············
|  SemaphoreWhistleblowing                                    ·           -  ·          -  ·    1104070  ·        3.7 %  ·      67.64  │
·-------------------------------------------------------------|--------------|-------------|-------------|---------------|-------------·