·-------------------------------------------------|----------------------------|-------------|-----------------------------·
|               [90mSolc version: 0.8.4[39m               ·  [90mOptimizer enabled: false[39m  ·  [90mRuns: 200[39m  ·  [90mBlock limit: 30000000 gas[39m  │
··················································|····························|·············|······························
|  [32m[1mMethods[22m[39m                                        ·               [90m29 gwei/gas[39m                ·       [31m1641.02 usd/eth[39m       │
························|·························|··············|·············|·············|···············|··············
|  [1mContract[22m             ·  [1mMethod[22m                 ·  [32mMin[39m         ·  [32mMax[39m        ·  [32mAvg[39m        ·  [1m# calls[22m      ·  [1musd (avg)[22m  │
························|·························|··············|·············|·············|···············|··············
|  [90mFeedback[39m             ·  greet                  ·      [36m379165[39m  ·     [31m379213[39m  ·     379189  ·            [90m4[39m  ·      [32m18.05[39m  │
························|·························|··············|·············|·············|···············|··············
|  [90mFeedback[39m             ·  sendFeedback           ·           -  ·          -  ·     407141  ·            [90m2[39m  ·      [32m19.38[39m  │
························|·························|··············|·············|·············|···············|··············
|  [90mProofOfHumanityMock[39m  ·  addSubmissionManually  ·       [36m44132[39m  ·      [31m44144[39m  ·      44142  ·           [90m13[39m  ·       [32m2.10[39m  │
························|·························|··············|·············|·············|···············|··············
|  [90mProofOfHumanityMock[39m  ·  unRegister             ·       [36m22210[39m  ·      [31m22222[39m  ·      22219  ·            [90m4[39m  ·       [32m1.06[39m  │
························|·························|··············|·············|·············|···············|··············
|  [90mZKProofOfHumanity[39m    ·  matchAccount           ·           -  ·          -  ·    1562568  ·            [90m2[39m  ·      [32m74.36[39m  │
························|·························|··············|·············|·············|···············|··············
|  [90mZKProofOfHumanity[39m    ·  register               ·     [36m1001126[39m  ·    [31m1778076[39m  ·    1549891  ·           [90m17[39m  ·      [32m73.76[39m  │
························|·························|··············|·············|·············|···············|··············
|  [90mZKProofOfHumanity[39m    ·  verifyProof            ·      [36m397406[39m  ·     [31m397478[39m  ·     397447  ·           [90m10[39m  ·      [32m18.91[39m  │
························|·························|··············|·············|·············|···············|··············
|  [32m[1mDeployments[22m[39m                                    ·                                          ·  [1m% of limit[22m   ·             │
··················································|··············|·············|·············|···············|··············
|  Feedback                                       ·           -  ·          -  ·     423166  ·        [90m1.4 %[39m  ·      [32m20.14[39m  │
··················································|··············|·············|·············|···············|··············
|  IncrementalBinaryTree                          ·     [36m1666496[39m  ·    [31m1666568[39m  ·    1666556  ·        [90m5.6 %[39m  ·      [32m79.31[39m  │
··················································|··············|·············|·············|···············|··············
|  Pairing                                        ·           -  ·          -  ·    1204629  ·          [90m4 %[39m  ·      [32m57.33[39m  │
··················································|··············|·············|·············|···············|··············
|  ProofOfHumanityMock                            ·           -  ·          -  ·     219986  ·        [90m0.7 %[39m  ·      [32m10.47[39m  │
··················································|··············|·············|·············|···············|··············
|  Semaphore                                      ·     [36m1845804[39m  ·    [31m1845852[39m  ·    1845844  ·        [90m6.2 %[39m  ·      [32m87.84[39m  │
··················································|··············|·············|·············|···············|··············
|  SemaphoreVerifier                              ·           -  ·          -  ·    7356635  ·       [90m24.5 %[39m  ·     [32m350.10[39m  │
··················································|··············|·············|·············|···············|··············
|  ZKProofOfHumanity                              ·     [36m2783601[39m  ·    [31m2783613[39m  ·    2783610  ·        [90m9.3 %[39m  ·     [32m132.47[39m  │
·-------------------------------------------------|--------------|-------------|-------------|---------------|-------------·