·-------------------------------------------------|---------------------------|-----------------|-----------------------------·
|               Solc version: 0.8.4               ·  Optimizer enabled: true  ·  Runs: 1000000  ·  Block limit: 30000000 gas  │
··················································|···························|·················|······························
|  Methods                                        ·                 33 gwei/gas                 ·       1651.85 usd/eth       │
························|·························|·············|·············|·················|···············|··············
|  Contract             ·  Method                 ·  Min        ·  Max        ·  Avg            ·  # calls      ·  usd (avg)  │
························|·························|·············|·············|·················|···············|··············
|  Feedback             ·  greet                  ·     331556  ·     331616  ·         331586  ·            4  ·      18.08  │
························|·························|·············|·············|·················|···············|··············
|  Feedback             ·  sendFeedback           ·          -  ·          -  ·         359084  ·            2  ·      19.57  │
························|·························|·············|·············|·················|···············|··············
|  ProofOfHumanityMock  ·  addSubmissionManually  ·      43859  ·      43871  ·          43869  ·           13  ·       2.39  │
························|·························|·············|·············|·················|···············|··············
|  ProofOfHumanityMock  ·  unRegister             ·      21931  ·      21943  ·          21940  ·            4  ·       1.20  │
························|·························|·············|·············|·················|···············|··············
|  ZKProofOfHumanity    ·  matchAccount           ·          -  ·          -  ·        1495316  ·            2  ·      81.51  │
························|·························|·············|·············|·················|···············|··············
|  ZKProofOfHumanity    ·  register               ·     974390  ·    1751356  ·        1523169  ·           17  ·      83.03  │
························|·························|·············|·············|·················|···············|··············
|  ZKProofOfHumanity    ·  verifyProof            ·     350468  ·     350504  ·         350487  ·           10  ·      19.11  │
························|·························|·············|·············|·················|···············|··············
|  Deployments                                    ·                                             ·  % of limit   ·             │
··················································|·············|·············|·················|···············|··············
|  Feedback                                       ·          -  ·          -  ·         282987  ·        0.9 %  ·      15.43  │
··················································|·············|·············|·················|···············|··············
|  IncrementalBinaryTree                          ·    1265222  ·    1265294  ·        1265282  ·        4.2 %  ·      68.97  │
··················································|·············|·············|·················|···············|··············
|  Pairing                                        ·          -  ·          -  ·         888708  ·          3 %  ·      48.44  │
··················································|·············|·············|·················|···············|··············
|  ProofOfHumanityMock                            ·          -  ·          -  ·         159403  ·        0.5 %  ·       8.69  │
··················································|·············|·············|·················|···············|··············
|  Semaphore                                      ·    1348103  ·    1348151  ·        1348143  ·        4.5 %  ·      73.49  │
··················································|·············|·············|·················|···············|··············
|  SemaphoreVerifier                              ·          -  ·          -  ·        6780495  ·       22.6 %  ·     369.61  │
··················································|·············|·············|·················|···············|··············
|  ZKProofOfHumanity                              ·    2330538  ·    2330550  ·        2330547  ·        7.8 %  ·     127.04  │
·-------------------------------------------------|-------------|-------------|-----------------|---------------|-------------·